<?xml version="1.0" encoding="UTF-8"?>
<!-- Generated by org.testng.reporters.JUnitXMLReporter -->
<testsuite ignored="0" hostname="DESKTOP-PQE36GM" failures="0" tests="2" name="Error Validations Test" time="14.287" errors="0" timestamp="2023-09-04T23:27:02 IST">
  <testcase classname="raghavkjacademy.Tests.ErrorValidationsTest" name="loginErrorValidation" time="0.586"/>
  <testcase classname="raghavkjacademy.Tests.ErrorValidationsTest" name="productErrorValidation" time="2.422"/>
</testsuite> <!-- Error Validations Test -->
