<?xml version="1.0" encoding="UTF-8"?>
<testng-results ignored="0" total="2" passed="2" failed="0" skipped="0">
  <reporter-output>
  </reporter-output>
  <suite started-at="2023-09-04T23:34:13 IST" name="Default suite" finished-at="2023-09-04T23:34:34 IST" duration-ms="21285">
    <groups>
    </groups>
    <test started-at="2023-09-04T23:34:13 IST" name="Default test" finished-at="2023-09-04T23:34:34 IST" duration-ms="21285">
      <class name="raghavkjacademy.Tests.SubmitOrderTest_A">
        <test-method is-config="true" signature="launchApplication()[pri:0, instance:raghavkjacademy.Tests.SubmitOrderTest_A@298a5e20]" started-at="2023-09-04T23:34:13 IST" name="launchApplication" finished-at="2023-09-04T23:34:18 IST" duration-ms="4915" status="PASS">
          <reporter-output>
          </reporter-output>
        </test-method> <!-- launchApplication -->
        <test-method signature="submitOrder()[pri:0, instance:raghavkjacademy.Tests.SubmitOrderTest_A@298a5e20]" started-at="2023-09-04T23:34:18 IST" name="submitOrder" finished-at="2023-09-04T23:34:23 IST" duration-ms="4545" status="PASS">
          <reporter-output>
          </reporter-output>
        </test-method> <!-- submitOrder -->
        <test-method is-config="true" signature="tearDown()[pri:0, instance:raghavkjacademy.Tests.SubmitOrderTest_A@298a5e20]" started-at="2023-09-04T23:34:23 IST" name="tearDown" finished-at="2023-09-04T23:34:26 IST" duration-ms="3580" status="PASS">
          <reporter-output>
          </reporter-output>
        </test-method> <!-- tearDown -->
        <test-method is-config="true" signature="launchApplication()[pri:0, instance:raghavkjacademy.Tests.SubmitOrderTest_A@298a5e20]" started-at="2023-09-04T23:34:26 IST" name="launchApplication" finished-at="2023-09-04T23:34:30 IST" duration-ms="3643" status="PASS">
          <reporter-output>
          </reporter-output>
        </test-method> <!-- launchApplication -->
        <test-method signature="OrderHistoryTest()[pri:0, instance:raghavkjacademy.Tests.SubmitOrderTest_A@298a5e20]" started-at="2023-09-04T23:34:30 IST" name="OrderHistoryTest" finished-at="2023-09-04T23:34:31 IST" depends-on-methods="raghavkjacademy.Tests.SubmitOrderTest_A.submitOrder" duration-ms="1235" status="PASS">
          <reporter-output>
          </reporter-output>
        </test-method> <!-- OrderHistoryTest -->
        <test-method is-config="true" signature="tearDown()[pri:0, instance:raghavkjacademy.Tests.SubmitOrderTest_A@298a5e20]" started-at="2023-09-04T23:34:31 IST" name="tearDown" finished-at="2023-09-04T23:34:34 IST" duration-ms="3280" status="PASS">
          <reporter-output>
          </reporter-output>
        </test-method> <!-- tearDown -->
      </class> <!-- raghavkjacademy.Tests.SubmitOrderTest_A -->
    </test> <!-- Default test -->
  </suite> <!-- Default suite -->
</testng-results>
